app/build/intermediates/manifest_merge_blame_file/debug/manifest-merger-blame-debug-report.txt
1<?xml version="1.0" encoding="utf-8"?>
2<manifest xmlns:android="http://schemas.android.com/apk/res/android"
3    package="com.streamvault"
4    android:versionCode="2"
5    android:versionName="2.0" >
6
7    <uses-sdk
8        android:minSdkVersion="21"
9        android:targetSdkVersion="34" />
10
11    <uses-permission android:name="android.permission.INTERNET" />
11-->src\main\AndroidManifest.xml:4:5-67
11-->src\main\AndroidManifest.xml:4:22-64
12    <uses-permission android:name="android.permission.ACCESS_NETWORK_STATE" />
12-->src\main\AndroidManifest.xml:5:5-79
12-->src\main\AndroidManifest.xml:5:22-76
13    <uses-permission
13-->src\main\AndroidManifest.xml:6:5-107
14        android:name="android.permission.READ_EXTERNAL_STORAGE"
14-->src\main\AndroidManifest.xml:6:22-77
15        android:maxSdkVersion="32" />
15-->src\main\AndroidManifest.xml:6:78-104
16    <uses-permission
16-->src\main\AndroidManifest.xml:7:5-108
17        android:name="android.permission.WRITE_EXTERNAL_STORAGE"
17-->src\main\AndroidManifest.xml:7:22-78
18        android:maxSdkVersion="28" />
18-->src\main\AndroidManifest.xml:7:79-105
19    <uses-permission android:name="android.permission.READ_MEDIA_AUDIO" />
19-->src\main\AndroidManifest.xml:8:5-75
19-->src\main\AndroidManifest.xml:8:22-72
20    <uses-permission android:name="android.permission.READ_MEDIA_VIDEO" />
20-->src\main\AndroidManifest.xml:9:5-75
20-->src\main\AndroidManifest.xml:9:22-72
21    <uses-permission android:name="android.permission.READ_MEDIA_IMAGES" />
21-->src\main\AndroidManifest.xml:10:5-76
21-->src\main\AndroidManifest.xml:10:22-73
22    <uses-permission android:name="android.permission.POST_NOTIFICATIONS" />
22-->src\main\AndroidManifest.xml:11:5-77
22-->src\main\AndroidManifest.xml:11:22-74
23    <uses-permission android:name="android.permission.FOREGROUND_SERVICE" />
23-->src\main\AndroidManifest.xml:12:5-77
23-->src\main\AndroidManifest.xml:12:22-74
24    <uses-permission android:name="android.permission.FOREGROUND_SERVICE_MEDIA_PLAYBACK" />
24-->src\main\AndroidManifest.xml:13:5-92
24-->src\main\AndroidManifest.xml:13:22-89
25    <uses-permission android:name="android.permission.WAKE_LOCK" />
25-->src\main\AndroidManifest.xml:14:5-68
25-->src\main\AndroidManifest.xml:14:22-65
26
27    <permission
27-->[androidx.core:core:1.12.0] AndroidManifest.xml:22:5-24:47
28        android:name="com.streamvault.DYNAMIC_RECEIVER_NOT_EXPORTED_PERMISSION"
28-->[androidx.core:core:1.12.0] AndroidManifest.xml:23:9-81
29        android:protectionLevel="signature" />
29-->[androidx.core:core:1.12.0] AndroidManifest.xml:24:9-44
30
31    <uses-permission android:name="com.streamvault.DYNAMIC_RECEIVER_NOT_EXPORTED_PERMISSION" />
31-->[androidx.core:core:1.12.0] AndroidManifest.xml:26:5-97
31-->[androidx.core:core:1.12.0] AndroidManifest.xml:26:22-94
32
33    <application
33-->src\main\AndroidManifest.xml:16:5-91:19
34        android:name="com.streamvault.StreamVaultApp"
34-->src\main\AndroidManifest.xml:17:9-39
35        android:allowBackup="true"
35-->src\main\AndroidManifest.xml:18:9-35
36        android:appComponentFactory="androidx.core.app.CoreComponentFactory"
36-->[androidx.core:core:1.12.0] AndroidManifest.xml:28:18-86
37        android:debuggable="true"
38        android:extractNativeLibs="true"
39        android:icon="@mipmap/ic_launcher"
39-->src\main\AndroidManifest.xml:19:9-43
40        android:label="StreamVault"
40-->src\main\AndroidManifest.xml:20:9-36
41        android:roundIcon="@mipmap/ic_launcher"
41-->src\main\AndroidManifest.xml:21:9-48
42        android:supportsRtl="true"
42-->src\main\AndroidManifest.xml:22:9-35
43        android:theme="@style/Theme.StreamVault"
43-->src\main\AndroidManifest.xml:23:9-49
44        android:usesCleartextTraffic="true" >
44-->src\main\AndroidManifest.xml:24:9-44
45        <activity
45-->src\main\AndroidManifest.xml:26:9-34:20
46            android:name="com.streamvault.ui.splash.SplashActivity"
46-->src\main\AndroidManifest.xml:27:13-53
47            android:exported="true"
47-->src\main\AndroidManifest.xml:28:13-36
48            android:theme="@style/Theme.StreamVault.Splash" >
48-->src\main\AndroidManifest.xml:29:13-60
49            <intent-filter>
49-->src\main\AndroidManifest.xml:30:13-33:29
50                <action android:name="android.intent.action.MAIN" />
50-->src\main\AndroidManifest.xml:31:17-69
50-->src\main\AndroidManifest.xml:31:25-66
51
52                <category android:name="android.intent.category.LAUNCHER" />
52-->src\main\AndroidManifest.xml:32:17-77
52-->src\main\AndroidManifest.xml:32:27-74
53            </intent-filter>
54        </activity>
55        <activity
55-->src\main\AndroidManifest.xml:36:9-39:58
56            android:name="com.streamvault.ui.hub.HomeHubActivity"
56-->src\main\AndroidManifest.xml:37:13-51
57            android:exported="false"
57-->src\main\AndroidManifest.xml:38:13-37
58            android:windowSoftInputMode="adjustResize" />
58-->src\main\AndroidManifest.xml:39:13-55
59        <activity
59-->src\main\AndroidManifest.xml:41:9-44:58
60            android:name="com.streamvault.ui.home.MainActivity"
60-->src\main\AndroidManifest.xml:42:13-49
61            android:exported="false"
61-->src\main\AndroidManifest.xml:43:13-37
62            android:windowSoftInputMode="adjustResize" />
62-->src\main\AndroidManifest.xml:44:13-55
63        <activity
63-->src\main\AndroidManifest.xml:46:9-49:58
64            android:name="com.streamvault.ui.music.LocalMusicActivity"
64-->src\main\AndroidManifest.xml:47:13-56
65            android:exported="false"
65-->src\main\AndroidManifest.xml:48:13-37
66            android:windowSoftInputMode="adjustResize" />
66-->src\main\AndroidManifest.xml:49:13-55
67        <activity
67-->src\main\AndroidManifest.xml:51:9-54:63
68            android:name="com.streamvault.ui.music.PlayerMusicActivity"
68-->src\main\AndroidManifest.xml:52:13-57
69            android:exported="false"
69-->src\main\AndroidManifest.xml:53:13-37
70            android:theme="@style/Theme.StreamVault.Player" />
70-->src\main\AndroidManifest.xml:54:13-60
71        <activity
71-->src\main\AndroidManifest.xml:56:9-59:77
72            android:name="com.streamvault.ui.web.WebHubActivity"
72-->src\main\AndroidManifest.xml:57:13-50
73            android:configChanges="orientation|screenSize|keyboardHidden"
73-->src\main\AndroidManifest.xml:59:13-74
74            android:exported="false" />
74-->src\main\AndroidManifest.xml:58:13-37
75        <activity
75-->src\main\AndroidManifest.xml:61:9-64:58
76            android:name="com.streamvault.ui.telegram.TelegramConfigActivity"
76-->src\main\AndroidManifest.xml:62:13-63
77            android:exported="false"
77-->src\main\AndroidManifest.xml:63:13-37
78            android:windowSoftInputMode="adjustResize" />
78-->src\main\AndroidManifest.xml:64:13-55
79        <activity
79-->src\main\AndroidManifest.xml:66:9-68:40
80            android:name="com.streamvault.ui.settings.SettingsActivity"
80-->src\main\AndroidManifest.xml:67:13-57
81            android:exported="false" />
81-->src\main\AndroidManifest.xml:68:13-37
82
83        <service
83-->src\main\AndroidManifest.xml:70:9-77:19
84            android:name="com.streamvault.playback.MusicPlayerService"
84-->src\main\AndroidManifest.xml:71:13-56
85            android:exported="false"
85-->src\main\AndroidManifest.xml:72:13-37
86            android:foregroundServiceType="mediaPlayback" >
86-->src\main\AndroidManifest.xml:73:13-58
87            <intent-filter>
87-->src\main\AndroidManifest.xml:74:13-76:29
88                <action android:name="androidx.media3.session.MediaSessionService" />
88-->src\main\AndroidManifest.xml:75:17-86
88-->src\main\AndroidManifest.xml:75:25-83
89            </intent-filter>
90        </service>
91
92        <activity
92-->src\main\AndroidManifest.xml:79:9-84:63
93            android:name="com.streamvault.ui.player.PlayerActivity"
93-->src\main\AndroidManifest.xml:80:13-53
94            android:configChanges="orientation|screenSize|keyboardHidden"
94-->src\main\AndroidManifest.xml:82:13-74
95            android:exported="false"
95-->src\main\AndroidManifest.xml:81:13-37
96            android:screenOrientation="landscape"
96-->src\main\AndroidManifest.xml:83:13-50
97            android:theme="@style/Theme.StreamVault.Player" />
97-->src\main\AndroidManifest.xml:84:13-60
98        <activity
98-->src\main\AndroidManifest.xml:86:9-89:58
99            android:name="com.streamvault.ui.sources.AddSourceActivity"
99-->src\main\AndroidManifest.xml:87:13-57
100            android:exported="false"
100-->src\main\AndroidManifest.xml:88:13-37
101            android:windowSoftInputMode="adjustResize" />
101-->src\main\AndroidManifest.xml:89:13-55
102
103        <provider
103-->[androidx.emoji2:emoji2:1.2.0] AndroidManifest.xml:24:9-32:20
104            android:name="androidx.startup.InitializationProvider"
104-->[androidx.emoji2:emoji2:1.2.0] AndroidManifest.xml:25:13-67
105            android:authorities="com.streamvault.androidx-startup"
105-->[androidx.emoji2:emoji2:1.2.0] AndroidManifest.xml:26:13-68
106            android:exported="false" >
106-->[androidx.emoji2:emoji2:1.2.0] AndroidManifest.xml:27:13-37
107            <meta-data
107-->[androidx.emoji2:emoji2:1.2.0] AndroidManifest.xml:29:13-31:52
108                android:name="androidx.emoji2.text.EmojiCompatInitializer"
108-->[androidx.emoji2:emoji2:1.2.0] AndroidManifest.xml:30:17-75
109                android:value="androidx.startup" />
109-->[androidx.emoji2:emoji2:1.2.0] AndroidManifest.xml:31:17-49
110            <meta-data
110-->[androidx.lifecycle:lifecycle-process:2.7.0] AndroidManifest.xml:29:13-31:52
111                android:name="androidx.lifecycle.ProcessLifecycleInitializer"
111-->[androidx.lifecycle:lifecycle-process:2.7.0] AndroidManifest.xml:30:17-78
112                android:value="androidx.startup" />
112-->[androidx.lifecycle:lifecycle-process:2.7.0] AndroidManifest.xml:31:17-49
113            <meta-data
113-->[androidx.profileinstaller:profileinstaller:1.3.0] AndroidManifest.xml:29:13-31:52
114                android:name="androidx.profileinstaller.ProfileInstallerInitializer"
114-->[androidx.profileinstaller:profileinstaller:1.3.0] AndroidManifest.xml:30:17-85
115                android:value="androidx.startup" />
115-->[androidx.profileinstaller:profileinstaller:1.3.0] AndroidManifest.xml:31:17-49
116        </provider>
117
118        <uses-library
118-->[androidx.window:window:1.0.0] AndroidManifest.xml:25:9-27:40
119            android:name="androidx.window.extensions"
119-->[androidx.window:window:1.0.0] AndroidManifest.xml:26:13-54
120            android:required="false" />
120-->[androidx.window:window:1.0.0] AndroidManifest.xml:27:13-37
121        <uses-library
121-->[androidx.window:window:1.0.0] AndroidManifest.xml:28:9-30:40
122            android:name="androidx.window.sidecar"
122-->[androidx.window:window:1.0.0] AndroidManifest.xml:29:13-51
123            android:required="false" />
123-->[androidx.window:window:1.0.0] AndroidManifest.xml:30:13-37
124
125        <service
125-->[androidx.room:room-runtime:2.6.1] AndroidManifest.xml:24:9-28:63
126            android:name="androidx.room.MultiInstanceInvalidationService"
126-->[androidx.room:room-runtime:2.6.1] AndroidManifest.xml:25:13-74
127            android:directBootAware="true"
127-->[androidx.room:room-runtime:2.6.1] AndroidManifest.xml:26:13-43
128            android:exported="false" />
128-->[androidx.room:room-runtime:2.6.1] AndroidManifest.xml:27:13-37
129
130        <receiver
130-->[androidx.profileinstaller:profileinstaller:1.3.0] AndroidManifest.xml:34:9-52:20
131            android:name="androidx.profileinstaller.ProfileInstallReceiver"
131-->[androidx.profileinstaller:profileinstaller:1.3.0] AndroidManifest.xml:35:13-76
132            android:directBootAware="false"
132-->[androidx.profileinstaller:profileinstaller:1.3.0] AndroidManifest.xml:36:13-44
133            android:enabled="true"
133-->[androidx.profileinstaller:profileinstaller:1.3.0] AndroidManifest.xml:37:13-35
134            android:exported="true"
134-->[androidx.profileinstaller:profileinstaller:1.3.0] AndroidManifest.xml:38:13-36
135            android:permission="android.permission.DUMP" >
135-->[androidx.profileinstaller:profileinstaller:1.3.0] AndroidManifest.xml:39:13-57
136            <intent-filter>
136-->[androidx.profileinstaller:profileinstaller:1.3.0] AndroidManifest.xml:40:13-42:29
137                <action android:name="androidx.profileinstaller.action.INSTALL_PROFILE" />
137-->[androidx.profileinstaller:profileinstaller:1.3.0] AndroidManifest.xml:41:17-91
137-->[androidx.profileinstaller:profileinstaller:1.3.0] AndroidManifest.xml:41:25-88
138            </intent-filter>
139            <intent-filter>
139-->[androidx.profileinstaller:profileinstaller:1.3.0] AndroidManifest.xml:43:13-45:29
140                <action android:name="androidx.profileinstaller.action.SKIP_FILE" />
140-->[androidx.profileinstaller:profileinstaller:1.3.0] AndroidManifest.xml:44:17-85
140-->[androidx.profileinstaller:profileinstaller:1.3.0] AndroidManifest.xml:44:25-82
141            </intent-filter>
142            <intent-filter>
142-->[androidx.profileinstaller:profileinstaller:1.3.0] AndroidManifest.xml:46:13-48:29
143                <action android:name="androidx.profileinstaller.action.SAVE_PROFILE" />
143-->[androidx.profileinstaller:profileinstaller:1.3.0] AndroidManifest.xml:47:17-88
143-->[androidx.profileinstaller:profileinstaller:1.3.0] AndroidManifest.xml:47:25-85
144            </intent-filter>
145            <intent-filter>
145-->[androidx.profileinstaller:profileinstaller:1.3.0] AndroidManifest.xml:49:13-51:29
146                <action android:name="androidx.profileinstaller.action.BENCHMARK_OPERATION" />
146-->[androidx.profileinstaller:profileinstaller:1.3.0] AndroidManifest.xml:50:17-95
146-->[androidx.profileinstaller:profileinstaller:1.3.0] AndroidManifest.xml:50:25-92
147            </intent-filter>
148        </receiver>
149    </application>
150
151</manifest>